Analysis & Synthesis report for Washmachine
Sat Dec 09 12:46:40 2023
Quartus II 64-Bit Version 13.1.0 Build 162 10/23/2013 SJ Web Edition


---------------------
; Table of Contents ;
---------------------
  1. Legal Notice
  2. Analysis & Synthesis Summary
  3. Analysis & Synthesis Settings
  4. Parallel Compilation
  5. Analysis & Synthesis Source Files Read
  6. Analysis & Synthesis Resource Usage Summary
  7. Analysis & Synthesis Resource Utilization by Entity
  8. State Machine - |Washmachine|WashmachineControl:washmachineControl_inst1|state
  9. Registers Removed During Synthesis
 10. Removed Registers Triggering Further Register Optimizations
 11. General Register Statistics
 12. Parameter Settings for User Entity Instance: WashmachineControl:washmachineControl_inst1
 13. Parameter Settings for User Entity Instance: TimeCounter:timeCounter_inst
 14. Port Connectivity Checks: "SegDecode:segDecode_inst"
 15. Port Connectivity Checks: "DynamicScan:dynamicScan_inst"
 16. Port Connectivity Checks: "TimeCounter:timeCounter_inst"
 17. Port Connectivity Checks: "WashmachineControl:washmachineControl_inst1"
 18. Port Connectivity Checks: "PrescalerTen:prescalerTen_inst5"
 19. Elapsed Time Per Partition
 20. Analysis & Synthesis Messages



----------------
; Legal Notice ;
----------------
Copyright (C) 1991-2013 Altera Corporation
Your use of Altera Corporation's design tools, logic functions 
and other software and tools, and its AMPP partner logic 
functions, and any output files from any of the foregoing 
(including device programming or simulation files), and any 
associated documentation or information are expressly subject 
to the terms and conditions of the Altera Program License 
Subscription Agreement, Altera MegaCore Function License 
Agreement, or other applicable license agreement, including, 
without limitation, that your use is for the sole purpose of 
programming logic devices manufactured by Altera and sold by 
Altera or its authorized distributors.  Please refer to the 
applicable agreement for further details.



+---------------------------------------------------------------------------------+
; Analysis & Synthesis Summary                                                    ;
+------------------------------------+--------------------------------------------+
; Analysis & Synthesis Status        ; Successful - Sat Dec 09 12:46:40 2023      ;
; Quartus II 64-Bit Version          ; 13.1.0 Build 162 10/23/2013 SJ Web Edition ;
; Revision Name                      ; Washmachine                                ;
; Top-level Entity Name              ; Washmachine                                ;
; Family                             ; Cyclone III                                ;
; Total logic elements               ; 0                                          ;
;     Total combinational functions  ; 0                                          ;
;     Dedicated logic registers      ; 0                                          ;
; Total registers                    ; 0                                          ;
; Total pins                         ; 22                                         ;
; Total virtual pins                 ; 0                                          ;
; Total memory bits                  ; 0                                          ;
; Embedded Multiplier 9-bit elements ; 0                                          ;
; Total PLLs                         ; 0                                          ;
+------------------------------------+--------------------------------------------+


+----------------------------------------------------------------------------------------------------------------------+
; Analysis & Synthesis Settings                                                                                        ;
+----------------------------------------------------------------------------+--------------------+--------------------+
; Option                                                                     ; Setting            ; Default Value      ;
+----------------------------------------------------------------------------+--------------------+--------------------+
; Device                                                                     ; EP3C25Q240C8       ;                    ;
; Top-level entity name                                                      ; Washmachine        ; Washmachine        ;
; Family name                                                                ; Cyclone III        ; Cyclone IV GX      ;
; Use smart compilation                                                      ; Off                ; Off                ;
; Enable parallel Assembler and TimeQuest Timing Analyzer during compilation ; On                 ; On                 ;
; Enable compact report table                                                ; Off                ; Off                ;
; Restructure Multiplexers                                                   ; Auto               ; Auto               ;
; Create Debugging Nodes for IP Cores                                        ; Off                ; Off                ;
; Preserve fewer node names                                                  ; On                 ; On                 ;
; Disable OpenCore Plus hardware evaluation                                  ; Off                ; Off                ;
; Verilog Version                                                            ; Verilog_2001       ; Verilog_2001       ;
; VHDL Version                                                               ; VHDL_1993          ; VHDL_1993          ;
; State Machine Processing                                                   ; Auto               ; Auto               ;
; Safe State Machine                                                         ; Off                ; Off                ;
; Extract Verilog State Machines                                             ; On                 ; On                 ;
; Extract VHDL State Machines                                                ; On                 ; On                 ;
; Ignore Verilog initial constructs                                          ; Off                ; Off                ;
; Iteration limit for constant Verilog loops                                 ; 5000               ; 5000               ;
; Iteration limit for non-constant Verilog loops                             ; 250                ; 250                ;
; Add Pass-Through Logic to Inferred RAMs                                    ; On                 ; On                 ;
; Infer RAMs from Raw Logic                                                  ; On                 ; On                 ;
; Parallel Synthesis                                                         ; On                 ; On                 ;
; DSP Block Balancing                                                        ; Auto               ; Auto               ;
; NOT Gate Push-Back                                                         ; On                 ; On                 ;
; Power-Up Don't Care                                                        ; On                 ; On                 ;
; Remove Redundant Logic Cells                                               ; Off                ; Off                ;
; Remove Duplicate Registers                                                 ; On                 ; On                 ;
; Ignore CARRY Buffers                                                       ; Off                ; Off                ;
; Ignore CASCADE Buffers                                                     ; Off                ; Off                ;
; Ignore GLOBAL Buffers                                                      ; Off                ; Off                ;
; Ignore ROW GLOBAL Buffers                                                  ; Off                ; Off                ;
; Ignore LCELL Buffers                                                       ; Off                ; Off                ;
; Ignore SOFT Buffers                                                        ; On                 ; On                 ;
; Limit AHDL Integers to 32 Bits                                             ; Off                ; Off                ;
; Optimization Technique                                                     ; Balanced           ; Balanced           ;
; Carry Chain Length                                                         ; 70                 ; 70                 ;
; Auto Carry Chains                                                          ; On                 ; On                 ;
; Auto Open-Drain Pins                                                       ; On                 ; On                 ;
; Perform WYSIWYG Primitive Resynthesis                                      ; Off                ; Off                ;
; Auto ROM Replacement                                                       ; On                 ; On                 ;
; Auto RAM Replacement                                                       ; On                 ; On                 ;
; Auto DSP Block Replacement                                                 ; On                 ; On                 ;
; Auto Shift Register Replacement                                            ; Auto               ; Auto               ;
; Allow Shift Register Merging across Hierarchies                            ; Auto               ; Auto               ;
; Auto Clock Enable Replacement                                              ; On                 ; On                 ;
; Strict RAM Replacement                                                     ; Off                ; Off                ;
; Allow Synchronous Control Signals                                          ; On                 ; On                 ;
; Force Use of Synchronous Clear Signals                                     ; Off                ; Off                ;
; Auto RAM Block Balancing                                                   ; On                 ; On                 ;
; Auto RAM to Logic Cell Conversion                                          ; Off                ; Off                ;
; Auto Resource Sharing                                                      ; Off                ; Off                ;
; Allow Any RAM Size For Recognition                                         ; Off                ; Off                ;
; Allow Any ROM Size For Recognition                                         ; Off                ; Off                ;
; Allow Any Shift Register Size For Recognition                              ; Off                ; Off                ;
; Use LogicLock Constraints during Resource Balancing                        ; On                 ; On                 ;
; Ignore translate_off and synthesis_off directives                          ; Off                ; Off                ;
; Timing-Driven Synthesis                                                    ; On                 ; On                 ;
; Report Parameter Settings                                                  ; On                 ; On                 ;
; Report Source Assignments                                                  ; On                 ; On                 ;
; Report Connectivity Checks                                                 ; On                 ; On                 ;
; Ignore Maximum Fan-Out Assignments                                         ; Off                ; Off                ;
; Synchronization Register Chain Length                                      ; 2                  ; 2                  ;
; PowerPlay Power Optimization                                               ; Normal compilation ; Normal compilation ;
; HDL message level                                                          ; Level2             ; Level2             ;
; Suppress Register Optimization Related Messages                            ; Off                ; Off                ;
; Number of Removed Registers Reported in Synthesis Report                   ; 5000               ; 5000               ;
; Number of Swept Nodes Reported in Synthesis Report                         ; 5000               ; 5000               ;
; Number of Inverted Registers Reported in Synthesis Report                  ; 100                ; 100                ;
; Clock MUX Protection                                                       ; On                 ; On                 ;
; Auto Gated Clock Conversion                                                ; Off                ; Off                ;
; Block Design Naming                                                        ; Auto               ; Auto               ;
; SDC constraint protection                                                  ; Off                ; Off                ;
; Synthesis Effort                                                           ; Auto               ; Auto               ;
; Shift Register Replacement - Allow Asynchronous Clear Signal               ; On                 ; On                 ;
; Pre-Mapping Resynthesis Optimization                                       ; Off                ; Off                ;
; Analysis & Synthesis Message Level                                         ; Medium             ; Medium             ;
; Disable Register Merging Across Hierarchies                                ; Auto               ; Auto               ;
; Resource Aware Inference For Block RAM                                     ; On                 ; On                 ;
; Synthesis Seed                                                             ; 1                  ; 1                  ;
+----------------------------------------------------------------------------+--------------------+--------------------+


+------------------------------------------+
; Parallel Compilation                     ;
+----------------------------+-------------+
; Processors                 ; Number      ;
+----------------------------+-------------+
; Number detected on machine ; 16          ;
; Maximum allowed            ; 10          ;
;                            ;             ;
; Average used               ; 1.00        ;
; Maximum used               ; 1           ;
;                            ;             ;
; Usage by Processor         ; % Time Used ;
;     Processor 1            ; 100.0%      ;
;     Processors 2-16        ;   0.0%      ;
+----------------------------+-------------+


+---------------------------------------------------------------------------------------------------------------------------------------------------+
; Analysis & Synthesis Source Files Read                                                                                                            ;
+----------------------------------+-----------------+------------------------+-----------------------------------------------------------+---------+
; File Name with User-Entered Path ; Used in Netlist ; File Type              ; File Name with Absolute Path                              ; Library ;
+----------------------------------+-----------------+------------------------+-----------------------------------------------------------+---------+
; Washmachine.v                    ; yes             ; User Verilog HDL File  ; D:/altera/13.1/00Project/Washmachine/Washmachine.v        ;         ;
; WashmachineControl.v             ; yes             ; User Verilog HDL File  ; D:/altera/13.1/00Project/Washmachine/WashmachineControl.v ;         ;
; TimeCounter.v                    ; yes             ; User Verilog HDL File  ; D:/altera/13.1/00Project/Washmachine/TimeCounter.v        ;         ;
; DynamicScan.v                    ; yes             ; User Verilog HDL File  ; D:/altera/13.1/00Project/Washmachine/DynamicScan.v        ;         ;
; SegDecode.v                      ; yes             ; User Verilog HDL File  ; D:/altera/13.1/00Project/Washmachine/SegDecode.v          ;         ;
; PrescalerTen.v                   ; yes             ; User Verilog HDL File  ; D:/altera/13.1/00Project/Washmachine/PrescalerTen.v       ;         ;
; PrescalerSix.v                   ; yes             ; User Verilog HDL File  ; D:/altera/13.1/00Project/Washmachine/PrescalerSix.v       ;         ;
; PrescalerFour.v                  ; yes             ; User Verilog HDL File  ; D:/altera/13.1/00Project/Washmachine/PrescalerFour.v      ;         ;
+----------------------------------+-----------------+------------------------+-----------------------------------------------------------+---------+


+-------------------------------------------------------+
; Analysis & Synthesis Resource Usage Summary           ;
+---------------------------------------------+---------+
; Resource                                    ; Usage   ;
+---------------------------------------------+---------+
;                                             ;         ;
; Total combinational functions               ; 0       ;
; Logic element usage by number of LUT inputs ;         ;
;     -- 4 input functions                    ; 0       ;
;     -- 3 input functions                    ; 0       ;
;     -- <=2 input functions                  ; 0       ;
;                                             ;         ;
; Logic elements by mode                      ;         ;
;     -- normal mode                          ; 0       ;
;     -- arithmetic mode                      ; 0       ;
;                                             ;         ;
; Total registers                             ; 0       ;
;     -- Dedicated logic registers            ; 0       ;
;     -- I/O registers                        ; 0       ;
;                                             ;         ;
; I/O pins                                    ; 22      ;
; Embedded Multiplier 9-bit elements          ; 0       ;
; Maximum fan-out node                        ; clk_24M ;
; Maximum fan-out                             ; 1       ;
; Total fan-out                               ; 22      ;
; Average fan-out                             ; 0.50    ;
+---------------------------------------------+---------+


+-----------------------------------------------------------------------------------------------------------------------------------------------------------------------------+
; Analysis & Synthesis Resource Utilization by Entity                                                                                                                         ;
+----------------------------+-------------------+--------------+-------------+--------------+---------+-----------+------+--------------+---------------------+--------------+
; Compilation Hierarchy Node ; LC Combinationals ; LC Registers ; Memory Bits ; DSP Elements ; DSP 9x9 ; DSP 18x18 ; Pins ; Virtual Pins ; Full Hierarchy Name ; Library Name ;
+----------------------------+-------------------+--------------+-------------+--------------+---------+-----------+------+--------------+---------------------+--------------+
; |Washmachine               ; 0 (0)             ; 0 (0)        ; 0           ; 0            ; 0       ; 0         ; 22   ; 0            ; |Washmachine        ; work         ;
+----------------------------+-------------------+--------------+-------------+--------------+---------+-----------+------+--------------+---------------------+--------------+
Note: For table entries with two numbers listed, the numbers in parentheses indicate the number of resources of the given type used by the specific entity alone. The numbers listed outside of parentheses indicate the total resources of the given type used by the specific entity and all of its sub-entities in the hierarchy.


Encoding Type:  One-Hot
+-----------------------------------------------------------------------------------+
; State Machine - |Washmachine|WashmachineControl:washmachineControl_inst1|state    ;
+-----------+-----------+-----------+-----------+-----------+-----------+-----------+
; Name      ; state.ST2 ; state.ST3 ; state.ST4 ; state.ST1 ; state.ST0 ; state.ST5 ;
+-----------+-----------+-----------+-----------+-----------+-----------+-----------+
; state.ST5 ; 0         ; 0         ; 0         ; 0         ; 0         ; 0         ;
; state.ST0 ; 0         ; 0         ; 0         ; 0         ; 1         ; 1         ;
; state.ST1 ; 0         ; 0         ; 0         ; 1         ; 0         ; 1         ;
; state.ST4 ; 0         ; 0         ; 1         ; 0         ; 0         ; 1         ;
; state.ST3 ; 0         ; 1         ; 0         ; 0         ; 0         ; 1         ;
; state.ST2 ; 1         ; 0         ; 0         ; 0         ; 0         ; 1         ;
+-----------+-----------+-----------+-----------+-----------+-----------+-----------+


+-----------------------------------------------------------------------------------------------------+
; Registers Removed During Synthesis                                                                  ;
+--------------------------------------------------------------+--------------------------------------+
; Register name                                                ; Reason for Removal                   ;
+--------------------------------------------------------------+--------------------------------------+
; DynamicScan:dynamicScan_inst|enable[0..3]                    ; Stuck at GND due to stuck port clock ;
; DynamicScan:dynamicScan_inst|count[0,1]                      ; Stuck at GND due to stuck port clock ;
; DynamicScan:dynamicScan_inst|seg[0]                          ; Stuck at GND due to stuck port clock ;
; TimeCounter:timeCounter_inst|ctseg2[0]                       ; Lost fanout                          ;
; TimeCounter:timeCounter_inst|ctseg3[0]                       ; Lost fanout                          ;
; DynamicScan:dynamicScan_inst|en[0..3]                        ; Stuck at GND due to stuck port clock ;
; TimeCounter:timeCounter_inst|alarmsig                        ; Stuck at GND due to stuck port clock ;
; TimeCounter:timeCounter_inst|ctseg1[0..3]                    ; Stuck at GND due to stuck port clock ;
; TimeCounter:timeCounter_inst|ctseg0[0..3]                    ; Stuck at GND due to stuck port clock ;
; TimeCounter:timeCounter_inst|washsig                         ; Stuck at GND due to stuck port clock ;
; TimeCounter:timeCounter_inst|watersig                        ; Stuck at GND due to stuck port clock ;
; TimeCounter:timeCounter_inst|dewatersig                      ; Stuck at GND due to stuck port clock ;
; WashmachineControl:washmachineControl_inst1|state_display[0] ; Lost fanout                          ;
; WashmachineControl:washmachineControl_inst1|state~2          ; Lost fanout                          ;
; WashmachineControl:washmachineControl_inst1|state~3          ; Lost fanout                          ;
; WashmachineControl:washmachineControl_inst1|state~4          ; Lost fanout                          ;
; WashmachineControl:washmachineControl_inst1|state.ST5        ; Stuck at GND due to stuck port clock ;
; WashmachineControl:washmachineControl_inst1|state.ST0        ; Stuck at GND due to stuck port clock ;
; WashmachineControl:washmachineControl_inst1|state.ST1        ; Stuck at GND due to stuck port clock ;
; WashmachineControl:washmachineControl_inst1|state.ST4        ; Stuck at GND due to stuck port clock ;
; WashmachineControl:washmachineControl_inst1|state.ST3        ; Stuck at GND due to stuck port clock ;
; WashmachineControl:washmachineControl_inst1|state.ST2        ; Stuck at GND due to stuck port clock ;
; Total Number of Removed Registers = 35                       ;                                      ;
+--------------------------------------------------------------+--------------------------------------+


+-------------------------------------------------------------------------------------------------------------------------------------------------------------------+
; Removed Registers Triggering Further Register Optimizations                                                                                                       ;
+-------------------------------------------------------+-------------------------+---------------------------------------------------------------------------------+
; Register name                                         ; Reason for Removal      ; Registers Removed due to This Register                                          ;
+-------------------------------------------------------+-------------------------+---------------------------------------------------------------------------------+
; DynamicScan:dynamicScan_inst|seg[0]                   ; Stuck at GND            ; TimeCounter:timeCounter_inst|ctseg2[0], TimeCounter:timeCounter_inst|ctseg3[0], ;
;                                                       ; due to stuck port clock ; WashmachineControl:washmachineControl_inst1|state_display[0]                    ;
; WashmachineControl:washmachineControl_inst1|state.ST0 ; Stuck at GND            ; WashmachineControl:washmachineControl_inst1|state.ST1                           ;
;                                                       ; due to stuck port clock ;                                                                                 ;
+-------------------------------------------------------+-------------------------+---------------------------------------------------------------------------------+


+------------------------------------------------------+
; General Register Statistics                          ;
+----------------------------------------------+-------+
; Statistic                                    ; Value ;
+----------------------------------------------+-------+
; Total registers                              ; 0     ;
; Number of registers using Synchronous Clear  ; 0     ;
; Number of registers using Synchronous Load   ; 0     ;
; Number of registers using Asynchronous Clear ; 0     ;
; Number of registers using Asynchronous Load  ; 0     ;
; Number of registers using Clock Enable       ; 0     ;
; Number of registers using Preset             ; 0     ;
+----------------------------------------------+-------+


+------------------------------------------------------------------------------------------+
; Parameter Settings for User Entity Instance: WashmachineControl:washmachineControl_inst1 ;
+----------------+-------+-----------------------------------------------------------------+
; Parameter Name ; Value ; Type                                                            ;
+----------------+-------+-----------------------------------------------------------------+
; ST0            ; 001   ; Unsigned Binary                                                 ;
; ST1            ; 011   ; Unsigned Binary                                                 ;
; ST2            ; 111   ; Unsigned Binary                                                 ;
; ST3            ; 110   ; Unsigned Binary                                                 ;
; ST4            ; 100   ; Unsigned Binary                                                 ;
; ST5            ; 000   ; Unsigned Binary                                                 ;
+----------------+-------+-----------------------------------------------------------------+
Note: In order to hide this table in the UI and the text report file, please set the "Show Parameter Settings in Synthesis Report" option in "Analysis and Synthesis Settings -> More Settings" to "Off".


+---------------------------------------------------------------------------+
; Parameter Settings for User Entity Instance: TimeCounter:timeCounter_inst ;
+----------------+-------+--------------------------------------------------+
; Parameter Name ; Value ; Type                                             ;
+----------------+-------+--------------------------------------------------+
; ST0            ; 001   ; Unsigned Binary                                  ;
; ST1            ; 011   ; Unsigned Binary                                  ;
; ST2            ; 111   ; Unsigned Binary                                  ;
; ST3            ; 110   ; Unsigned Binary                                  ;
; ST4            ; 100   ; Unsigned Binary                                  ;
; ST5            ; 000   ; Unsigned Binary                                  ;
+----------------+-------+--------------------------------------------------+
Note: In order to hide this table in the UI and the text report file, please set the "Show Parameter Settings in Synthesis Report" option in "Analysis and Synthesis Settings -> More Settings" to "Off".


+-----------------------------------------------------------------------------------------------------------------------------------------------------------------------+
; Port Connectivity Checks: "SegDecode:segDecode_inst"                                                                                                                  ;
+------+-------+----------+---------------------------------------------------------------------------------------------------------------------------------------------+
; Port ; Type  ; Severity ; Details                                                                                                                                     ;
+------+-------+----------+---------------------------------------------------------------------------------------------------------------------------------------------+
; seg  ; Input ; Warning  ; Input port expression (1 bits) is smaller than the input port (4 bits) it drives.  Extra input bit(s) "seg[3..1]" will be connected to GND. ;
+------+-------+----------+---------------------------------------------------------------------------------------------------------------------------------------------+


+-------------------------------------------------------------------------------------------------------------------------------------------------------------------------+
; Port Connectivity Checks: "DynamicScan:dynamicScan_inst"                                                                                                                ;
+------+--------+----------+----------------------------------------------------------------------------------------------------------------------------------------------+
; Port ; Type   ; Severity ; Details                                                                                                                                      ;
+------+--------+----------+----------------------------------------------------------------------------------------------------------------------------------------------+
; seg3 ; Input  ; Warning  ; Input port expression (1 bits) is smaller than the input port (4 bits) it drives.  Extra input bit(s) "seg3[3..1]" will be connected to GND. ;
; seg2 ; Input  ; Warning  ; Input port expression (1 bits) is smaller than the input port (4 bits) it drives.  Extra input bit(s) "seg2[3..1]" will be connected to GND. ;
; seg1 ; Input  ; Warning  ; Input port expression (1 bits) is smaller than the input port (4 bits) it drives.  Extra input bit(s) "seg1[3..1]" will be connected to GND. ;
; seg0 ; Input  ; Warning  ; Input port expression (1 bits) is smaller than the input port (4 bits) it drives.  Extra input bit(s) "seg0[3..1]" will be connected to GND. ;
; seg  ; Output ; Warning  ; Output or bidir port (4 bits) is wider than the port expression (1 bits) it drives; bit(s) "seg[3..1]" have no fanouts                       ;
+------+--------+----------+----------------------------------------------------------------------------------------------------------------------------------------------+


+-------------------------------------------------------------------------------------------------------------------------------------------------------------------------------------------+
; Port Connectivity Checks: "TimeCounter:timeCounter_inst"                                                                                                                                  ;
+---------------+--------+----------+-------------------------------------------------------------------------------------------------------------------------------------------------------+
; Port          ; Type   ; Severity ; Details                                                                                                                                               ;
+---------------+--------+----------+-------------------------------------------------------------------------------------------------------------------------------------------------------+
; state_display ; Input  ; Warning  ; Input port expression (1 bits) is smaller than the input port (3 bits) it drives.  Extra input bit(s) "state_display[2..1]" will be connected to GND. ;
; seg3          ; Output ; Warning  ; Output or bidir port (4 bits) is wider than the port expression (1 bits) it drives; bit(s) "seg3[3..1]" have no fanouts                               ;
; seg2          ; Output ; Warning  ; Output or bidir port (4 bits) is wider than the port expression (1 bits) it drives; bit(s) "seg2[3..1]" have no fanouts                               ;
; seg1          ; Output ; Warning  ; Output or bidir port (4 bits) is wider than the port expression (1 bits) it drives; bit(s) "seg1[3..1]" have no fanouts                               ;
; seg0          ; Output ; Warning  ; Output or bidir port (4 bits) is wider than the port expression (1 bits) it drives; bit(s) "seg0[3..1]" have no fanouts                               ;
+---------------+--------+----------+-------------------------------------------------------------------------------------------------------------------------------------------------------+


+----------------------------------------------------------------------------------------------------------------------------------------------------------------------+
; Port Connectivity Checks: "WashmachineControl:washmachineControl_inst1"                                                                                              ;
+---------------+--------+----------+----------------------------------------------------------------------------------------------------------------------------------+
; Port          ; Type   ; Severity ; Details                                                                                                                          ;
+---------------+--------+----------+----------------------------------------------------------------------------------------------------------------------------------+
; state_display ; Output ; Warning  ; Output or bidir port (3 bits) is wider than the port expression (1 bits) it drives; bit(s) "state_display[2..1]" have no fanouts ;
+---------------+--------+----------+----------------------------------------------------------------------------------------------------------------------------------+


+-------------------------------------------------------------------------------------------------------------------+
; Port Connectivity Checks: "PrescalerTen:prescalerTen_inst5"                                                       ;
+---------+--------+----------+-------------------------------------------------------------------------------------+
; Port    ; Type   ; Severity ; Details                                                                             ;
+---------+--------+----------+-------------------------------------------------------------------------------------+
; clk_out ; Output ; Info     ; Connected to dangling logic. Logic that only feeds a dangling port will be removed. ;
+---------+--------+----------+-------------------------------------------------------------------------------------+


+-------------------------------+
; Elapsed Time Per Partition    ;
+----------------+--------------+
; Partition Name ; Elapsed Time ;
+----------------+--------------+
; Top            ; 00:00:00     ;
+----------------+--------------+


+-------------------------------+
; Analysis & Synthesis Messages ;
+-------------------------------+
Info: *******************************************************************
Info: Running Quartus II 64-Bit Analysis & Synthesis
    Info: Version 13.1.0 Build 162 10/23/2013 SJ Web Edition
    Info: Processing started: Sat Dec 09 12:46:37 2023
Info: Command: quartus_map --read_settings_files=on --write_settings_files=off Washmachine -c Washmachine
Info (11104): Parallel Compilation has detected 16 hyper-threaded processors. However, the extra hyper-threaded processors will not be used by default. Parallel Compilation will use 10 of the 10 physical processors detected instead.
Info (12021): Found 1 design units, including 1 entities, in source file washmachine.v
    Info (12023): Found entity 1: Washmachine
Info (12021): Found 1 design units, including 1 entities, in source file washmachinecontrol.v
    Info (12023): Found entity 1: WashmachineControl
Warning (10229): Verilog HDL Expression warning at TimeCounter.v(74): truncated literal to match 1 bits
Warning (10229): Verilog HDL Expression warning at TimeCounter.v(76): truncated literal to match 1 bits
Warning (10229): Verilog HDL Expression warning at TimeCounter.v(80): truncated literal to match 1 bits
Warning (10229): Verilog HDL Expression warning at TimeCounter.v(82): truncated literal to match 1 bits
Warning (10229): Verilog HDL Expression warning at TimeCounter.v(117): truncated literal to match 1 bits
Warning (10229): Verilog HDL Expression warning at TimeCounter.v(119): truncated literal to match 1 bits
Warning (10229): Verilog HDL Expression warning at TimeCounter.v(123): truncated literal to match 1 bits
Warning (10229): Verilog HDL Expression warning at TimeCounter.v(125): truncated literal to match 1 bits
Warning (10229): Verilog HDL Expression warning at TimeCounter.v(157): truncated literal to match 1 bits
Warning (10229): Verilog HDL Expression warning at TimeCounter.v(159): truncated literal to match 1 bits
Warning (10229): Verilog HDL Expression warning at TimeCounter.v(163): truncated literal to match 1 bits
Warning (10229): Verilog HDL Expression warning at TimeCounter.v(165): truncated literal to match 1 bits
Warning (10229): Verilog HDL Expression warning at TimeCounter.v(200): truncated literal to match 1 bits
Warning (10229): Verilog HDL Expression warning at TimeCounter.v(202): truncated literal to match 1 bits
Warning (10229): Verilog HDL Expression warning at TimeCounter.v(206): truncated literal to match 1 bits
Warning (10229): Verilog HDL Expression warning at TimeCounter.v(208): truncated literal to match 1 bits
Info (12021): Found 1 design units, including 1 entities, in source file timecounter.v
    Info (12023): Found entity 1: TimeCounter
Info (12021): Found 1 design units, including 1 entities, in source file dynamicscan.v
    Info (12023): Found entity 1: DynamicScan
Info (12021): Found 1 design units, including 1 entities, in source file segdecode.v
    Info (12023): Found entity 1: SegDecode
Info (12021): Found 1 design units, including 1 entities, in source file prescalerten.v
    Info (12023): Found entity 1: PrescalerTen
Info (12021): Found 1 design units, including 1 entities, in source file prescalersix.v
    Info (12023): Found entity 1: PrescalerSix
Info (12021): Found 1 design units, including 1 entities, in source file prescalerfour.v
    Info (12023): Found entity 1: PrescalerFour
Warning (10236): Verilog HDL Implicit Net warning at Washmachine.v(15): created implicit net for "clk_6M"
Warning (10236): Verilog HDL Implicit Net warning at Washmachine.v(20): created implicit net for "clk_1M"
Warning (10236): Verilog HDL Implicit Net warning at Washmachine.v(25): created implicit net for "clk_100K"
Warning (10236): Verilog HDL Implicit Net warning at Washmachine.v(29): created implicit net for "clk_10K"
Warning (10236): Verilog HDL Implicit Net warning at Washmachine.v(34): created implicit net for "clk_1K"
Warning (10236): Verilog HDL Implicit Net warning at Washmachine.v(39): created implicit net for "clk_100"
Warning (10236): Verilog HDL Implicit Net warning at Washmachine.v(44): created implicit net for "clk_10"
Warning (10236): Verilog HDL Implicit Net warning at Washmachine.v(48): created implicit net for "clk"
Warning (10236): Verilog HDL Implicit Net warning at Washmachine.v(54): created implicit net for "wash"
Warning (10236): Verilog HDL Implicit Net warning at Washmachine.v(55): created implicit net for "water"
Warning (10236): Verilog HDL Implicit Net warning at Washmachine.v(56): created implicit net for "dewater"
Warning (10236): Verilog HDL Implicit Net warning at Washmachine.v(57): created implicit net for "alarm"
Warning (10236): Verilog HDL Implicit Net warning at Washmachine.v(60): created implicit net for "state_show"
Warning (10236): Verilog HDL Implicit Net warning at Washmachine.v(65): created implicit net for "clk7"
Warning (10236): Verilog HDL Implicit Net warning at Washmachine.v(74): created implicit net for "seg3"
Warning (10236): Verilog HDL Implicit Net warning at Washmachine.v(75): created implicit net for "seg2"
Warning (10236): Verilog HDL Implicit Net warning at Washmachine.v(76): created implicit net for "seg1"
Warning (10236): Verilog HDL Implicit Net warning at Washmachine.v(77): created implicit net for "seg0"
Warning (10236): Verilog HDL Implicit Net warning at Washmachine.v(82): created implicit net for "clk4"
Warning (10236): Verilog HDL Implicit Net warning at Washmachine.v(87): created implicit net for "seg"
Info (12127): Elaborating entity "Washmachine" for the top level hierarchy
Warning (10034): Output port "state_display" at Washmachine.v(7) has no driver
Info (12128): Elaborating entity "PrescalerSix" for hierarchy "PrescalerSix:prescalerSix_inst"
Warning (10230): Verilog HDL assignment warning at PrescalerSix.v(13): truncated value with size 32 to match size of target (4)
Info (12128): Elaborating entity "PrescalerFour" for hierarchy "PrescalerFour:prescalerFour_inst"
Warning (10230): Verilog HDL assignment warning at PrescalerFour.v(13): truncated value with size 32 to match size of target (4)
Info (12128): Elaborating entity "PrescalerTen" for hierarchy "PrescalerTen:prescalerTen_inst1"
Warning (10230): Verilog HDL assignment warning at PrescalerTen.v(13): truncated value with size 32 to match size of target (4)
Info (12128): Elaborating entity "WashmachineControl" for hierarchy "WashmachineControl:washmachineControl_inst1"
Info (12128): Elaborating entity "TimeCounter" for hierarchy "TimeCounter:timeCounter_inst"
Info (12128): Elaborating entity "DynamicScan" for hierarchy "DynamicScan:dynamicScan_inst"
Warning (10230): Verilog HDL assignment warning at DynamicScan.v(18): truncated value with size 32 to match size of target (2)
Warning (10230): Verilog HDL assignment warning at DynamicScan.v(22): truncated value with size 32 to match size of target (2)
Warning (10230): Verilog HDL assignment warning at DynamicScan.v(26): truncated value with size 32 to match size of target (2)
Warning (10230): Verilog HDL assignment warning at DynamicScan.v(30): truncated value with size 32 to match size of target (2)
Info (12128): Elaborating entity "SegDecode" for hierarchy "SegDecode:segDecode_inst"
Warning (12241): 4 hierarchies have connectivity warnings - see the Connectivity Checks report folder
Warning (13024): Output pins are stuck at VCC or GND
    Warning (13410): Pin "state_display[0]" is stuck at GND
    Warning (13410): Pin "state_display[1]" is stuck at GND
    Warning (13410): Pin "state_display[2]" is stuck at GND
    Warning (13410): Pin "state_display[3]" is stuck at GND
    Warning (13410): Pin "state_display[4]" is stuck at GND
    Warning (13410): Pin "state_display[5]" is stuck at GND
    Warning (13410): Pin "enable[0]" is stuck at GND
    Warning (13410): Pin "enable[1]" is stuck at GND
    Warning (13410): Pin "enable[2]" is stuck at GND
    Warning (13410): Pin "enable[3]" is stuck at GND
    Warning (13410): Pin "segment[0]" is stuck at VCC
    Warning (13410): Pin "segment[1]" is stuck at GND
    Warning (13410): Pin "segment[2]" is stuck at GND
    Warning (13410): Pin "segment[3]" is stuck at GND
    Warning (13410): Pin "segment[4]" is stuck at GND
    Warning (13410): Pin "segment[5]" is stuck at GND
    Warning (13410): Pin "segment[6]" is stuck at GND
Info (17049): 6 registers lost all their fanouts during netlist optimizations.
Info (16010): Generating hard_block partition "hard_block:auto_generated_inst"
    Info (16011): Adding 0 node(s), including 0 DDIO, 0 PLL, 0 transceiver and 0 LCELL
Warning (21074): Design contains 5 input pin(s) that do not drive logic
    Warning (15610): No output dependent on input pin "clk_24M"
    Warning (15610): No output dependent on input pin "reset0"
    Warning (15610): No output dependent on input pin "stop"
    Warning (15610): No output dependent on input pin "waterfull"
    Warning (15610): No output dependent on input pin "start"
Info (21057): Implemented 22 device resources after synthesis - the final resource count might be different
    Info (21058): Implemented 5 input pins
    Info (21059): Implemented 17 output pins
Info: Quartus II 64-Bit Analysis & Synthesis was successful. 0 errors, 69 warnings
    Info: Peak virtual memory: 4628 megabytes
    Info: Processing ended: Sat Dec 09 12:46:40 2023
    Info: Elapsed time: 00:00:03
    Info: Total CPU time (on all processors): 00:00:01


